TN:
SF:src/lib/block.ts
FN:23,Block
FN:33,getHash
FN:42,mine
FN:56,isValid
FNF:4
FNH:4
FNDA:9,Block
FNDA:15,getHash
FNDA:2,mine
FNDA:8,isValid
DA:1,1
DA:2,1
DA:3,1
DA:4,1
DA:5,1
DA:6,1
DA:7,1
DA:8,1
DA:9,1
DA:10,1
DA:11,1
DA:12,1
DA:13,1
DA:14,1
DA:15,1
DA:16,1
DA:17,1
DA:18,1
DA:19,1
DA:20,1
DA:21,1
DA:22,1
DA:23,1
DA:24,9
DA:25,9
DA:26,9
DA:27,9
DA:28,9
DA:29,9
DA:30,9
DA:31,9
DA:32,1
DA:33,1
DA:34,15
DA:35,15
DA:36,1
DA:37,1
DA:38,1
DA:39,1
DA:40,1
DA:41,1
DA:42,1
DA:43,2
DA:44,2
DA:45,2
DA:46,2
DA:47,2
DA:48,2
DA:49,2
DA:50,2
DA:51,1
DA:52,1
DA:53,1
DA:54,1
DA:55,1
DA:56,1
DA:57,8
DA:58,8
DA:59,8
DA:60,8
DA:61,8
DA:62,2
DA:63,2
DA:64,8
DA:65,1
DA:66,1
DA:67,1
DA:68,1
LF:68
LH:68
BRDA:23,0,0,9
BRDA:24,1,0,1
BRDA:24,2,0,8
BRDA:24,3,0,2
BRDA:25,4,0,1
BRDA:25,5,0,8
BRDA:26,6,0,1
BRDA:26,7,0,8
BRDA:26,8,0,2
BRDA:27,9,0,1
BRDA:27,10,0,8
BRDA:27,11,0,1
BRDA:28,12,0,1
BRDA:28,13,0,8
BRDA:29,14,0,1
BRDA:29,15,0,8
BRDA:30,16,0,1
BRDA:30,17,0,8
BRDA:33,18,0,15
BRDA:42,19,0,2
BRDA:56,20,0,8
BRDA:57,21,0,2
BRDA:58,22,0,6
BRDA:58,23,0,1
BRDA:59,24,0,5
BRDA:59,25,0,1
BRDA:60,26,0,4
BRDA:60,27,0,1
BRDA:61,28,0,3
BRDA:61,29,0,2
BRDA:61,30,0,1
BRDA:62,31,0,2
BRDA:64,32,0,1
BRDA:64,33,0,1
BRF:34
BRH:34
end_of_record
TN:
SF:src/lib/blockchain.ts
FN:11,Blockchain
FN:17,getLastBlock
FN:21,getDifficulty
FN:25,addBlock
FN:34,getBlock
FN:38,isValid
FN:49,getFeePeerTx
FN:53,getNextBlock
FNF:8
FNH:8
FNDA:8,Blockchain
FNDA:5,getLastBlock
FNDA:7,getDifficulty
FNDA:4,addBlock
FNDA:1,getBlock
FNDA:3,isValid
FNDA:1,getFeePeerTx
FNDA:1,getNextBlock
DA:1,1
DA:2,1
DA:3,1
DA:4,1
DA:5,1
DA:6,1
DA:7,1
DA:8,1
DA:9,1
DA:10,1
DA:11,1
DA:12,8
DA:13,8
DA:14,8
DA:15,8
DA:16,1
DA:17,1
DA:18,5
DA:19,5
DA:20,1
DA:21,1
DA:22,7
DA:23,7
DA:24,1
DA:25,1
DA:26,4
DA:27,4
DA:28,4
DA:29,3
DA:30,3
DA:31,3
DA:32,3
DA:33,1
DA:34,1
DA:35,1
DA:36,1
DA:37,1
DA:38,1
DA:39,3
DA:40,2
DA:41,2
DA:42,2
DA:43,2
DA:44,2
DA:45,2
DA:46,2
DA:47,2
DA:48,1
DA:49,1
DA:50,1
DA:51,1
DA:52,1
DA:53,1
DA:54,1
DA:55,1
DA:56,1
DA:57,1
DA:58,1
DA:59,1
DA:60,1
DA:61,1
DA:62,1
DA:63,1
DA:64,1
DA:65,1
DA:66,1
DA:67,1
DA:68,1
DA:69,1
DA:70,1
LF:70
LH:70
BRDA:11,0,0,8
BRDA:17,1,0,5
BRDA:21,2,0,7
BRDA:25,3,0,4
BRDA:28,4,0,1
BRDA:29,5,0,3
BRDA:34,6,0,1
BRDA:35,7,0,1
BRDA:38,8,0,3
BRDA:39,9,0,2
BRDA:44,10,0,1
BRDA:49,11,0,1
BRDA:53,12,0,1
BRF:13
BRH:13
end_of_record
TN:
SF:src/lib/validation.ts
FN:13,Validation
FNF:1
FNH:1
FNDA:24,Validation
DA:1,1
DA:2,1
DA:3,1
DA:4,1
DA:5,1
DA:6,1
DA:7,1
DA:8,1
DA:9,1
DA:10,1
DA:11,1
DA:12,1
DA:13,1
DA:14,24
DA:15,24
DA:16,24
DA:17,1
LF:17
LH:17
BRDA:13,0,0,24
BRF:1
BRH:1
end_of_record
TN:
SF:src/server/blockchainServer.ts
FNF:0
FNH:0
DA:1,1
DA:2,1
DA:3,1
DA:4,1
DA:5,1
DA:6,1
DA:7,1
DA:8,1
DA:9,1
DA:10,1
DA:11,1
DA:12,1
DA:13,1
DA:14,1
DA:15,1
DA:16,1
DA:17,1
DA:18,1
DA:19,1
DA:20,1
DA:21,1
DA:22,1
DA:23,1
DA:24,1
DA:25,1
DA:26,1
DA:27,1
DA:28,1
DA:29,3
DA:30,3
DA:31,1
DA:32,3
DA:33,2
DA:34,2
DA:35,3
DA:36,3
DA:37,2
DA:38,3
DA:39,1
DA:40,1
DA:41,3
DA:42,2
DA:43,2
DA:44,2
DA:45,2
DA:46,3
DA:47,1
DA:48,1
DA:49,1
DA:50,1
DA:51,3
DA:52,1
DA:53,1
DA:54,1
DA:55,1
LF:55
LH:55
BRDA:10,0,0,0
BRDA:53,1,0,0
BRDA:16,2,0,1
BRDA:24,3,0,1
BRDA:28,4,0,3
BRDA:30,5,0,1
BRDA:32,6,0,2
BRDA:36,7,0,1
BRDA:37,8,0,2
BRDA:40,9,0,3
BRDA:41,10,0,1
BRDA:42,11,0,2
BRDA:46,12,0,1
BRF:13
BRH:11
end_of_record
