TN:
SF:src/lib/block.ts
FN:21,Block
FN:29,getHash
FN:37,isValid
FNF:3
FNH:3
FNDA:9,Block
FNDA:17,getHash
FNDA:7,isValid
DA:1,1
DA:2,1
DA:3,1
DA:4,1
DA:5,1
DA:6,1
DA:7,1
DA:8,1
DA:9,1
DA:10,1
DA:11,1
DA:12,1
DA:13,1
DA:14,1
DA:15,1
DA:16,1
DA:17,1
DA:18,1
DA:19,1
DA:20,1
DA:21,1
DA:22,9
DA:23,9
DA:24,9
DA:25,9
DA:26,9
DA:27,9
DA:28,1
DA:29,1
DA:30,17
DA:31,17
DA:32,1
DA:33,1
DA:34,1
DA:35,1
DA:36,1
DA:37,1
DA:38,7
DA:39,7
DA:40,7
DA:41,7
DA:42,7
DA:43,2
DA:44,2
DA:45,1
LF:45
LH:45
BRDA:21,0,0,9
BRDA:29,1,0,17
BRDA:37,2,0,7
BRDA:38,3,0,1
BRDA:39,4,0,6
BRDA:39,5,0,1
BRDA:40,6,0,5
BRDA:40,7,0,1
BRDA:41,8,0,4
BRDA:41,9,0,1
BRDA:42,10,0,3
BRDA:42,11,0,2
BRDA:42,12,0,1
BRF:13
BRH:13
end_of_record
TN:
SF:src/lib/blockchain.ts
FN:8,Blockchain
FN:13,getLastBlock
FN:17,addBlock
FN:26,isValid
FNF:4
FNH:3
FNDA:1,Blockchain
FNDA:1,getLastBlock
FNDA:1,addBlock
FNDA:0,isValid
DA:1,1
DA:2,1
DA:3,1
DA:4,1
DA:5,1
DA:6,1
DA:7,1
DA:8,1
DA:9,1
DA:10,1
DA:11,1
DA:12,1
DA:13,1
DA:14,1
DA:15,1
DA:16,1
DA:17,1
DA:18,1
DA:19,1
DA:20,1
DA:21,1
DA:22,1
DA:23,1
DA:24,1
DA:25,1
DA:26,1
DA:27,0
DA:28,0
DA:29,0
DA:30,0
DA:31,0
DA:32,0
DA:33,0
DA:34,0
DA:35,0
DA:36,1
LF:36
LH:27
BRDA:8,0,0,1
BRDA:13,1,0,1
BRDA:17,2,0,1
BRDA:20,3,0,0
BRF:4
BRH:3
end_of_record
TN:
SF:src/lib/validation.ts
FN:13,Validation
FNF:1
FNH:1
FNDA:8,Validation
DA:1,1
DA:2,1
DA:3,1
DA:4,1
DA:5,1
DA:6,1
DA:7,1
DA:8,1
DA:9,1
DA:10,1
DA:11,1
DA:12,1
DA:13,1
DA:14,8
DA:15,8
DA:16,8
DA:17,1
LF:17
LH:17
BRDA:13,0,0,8
BRF:1
BRH:1
end_of_record
